	Babylon.js Exporter version: 1.8.0, Blender version: 2.74 (sub 0)
========= Conversion from Blender to Babylon.js =========
	Python World class constructor completed
	WARNING: No active camera has been assigned, or is not in a currently selected Blender layer
	processing begun of material:  number1.Material.001
	processing begun of material:  number1.Material.002
	processing begun of material:  number1.Material.003
	processing begun of material:  number1.Material.004
	processing begun of material:  number1.Material.005
	processing begun of material:  number1.Material.006
	processing begun of material:  number1.Material.007
	WARNING texture type not currently supported:  STUCCI, ignored.
	processing begun of material:  number1.Material.008
	WARNING texture type not currently supported:  NONE, ignored.
	processing begun of material:  number1.Material.009
	processing begun of material:  number1.Material.010
	processing begun of material:  number1.Material.011
	processing begun of material:  number1.Material.012
	WARNING texture type not currently supported:  NONE, ignored.
	processing begun of material:  number1.Material.013
	processing begun of material:  number1.Material.014
	processing begun of material:  number1.Material.015
	processing begun of material:  number1.Material.016
	WARNING texture type not currently supported:  STUCCI, ignored.
	processing begun of mesh:  Astroid.079
		num positions      :  274
		num normals        :  274
		num uvs            :  548
		num uvs2           :  0
		num colors         :  0
		num indices        :  324
	processing begun of mesh:  Astroid.078
		num positions      :  274
		num normals        :  274
		num uvs            :  548
		num uvs2           :  0
		num colors         :  0
		num indices        :  324
	processing begun of mesh:  Astroid.077
		num positions      :  274
		num normals        :  274
		num uvs            :  548
		num uvs2           :  0
		num colors         :  0
		num indices        :  324
	processing begun of mesh:  Astroid.076
		num positions      :  274
		num normals        :  274
		num uvs            :  548
		num uvs2           :  0
		num colors         :  0
		num indices        :  324
	processing begun of mesh:  Astroid.040
		num positions      :  274
		num normals        :  274
		num uvs            :  548
		num uvs2           :  0
		num colors         :  0
		num indices        :  324
	processing begun of mesh:  Astroid.075
		num positions      :  274
		num normals        :  274
		num uvs            :  548
		num uvs2           :  0
		num colors         :  0
		num indices        :  324
	processing begun of mesh:  Astroid.074
		num positions      :  274
		num normals        :  274
		num uvs            :  548
		num uvs2           :  0
		num colors         :  0
		num indices        :  324
	processing begun of mesh:  Astroid.073
		num positions      :  274
		num normals        :  274
		num uvs            :  548
		num uvs2           :  0
		num colors         :  0
		num indices        :  324
	processing begun of mesh:  Astroid.072
		num positions      :  274
		num normals        :  274
		num uvs            :  548
		num uvs2           :  0
		num colors         :  0
		num indices        :  324
	processing begun of mesh:  Astroid.071
		num positions      :  274
		num normals        :  274
		num uvs            :  548
		num uvs2           :  0
		num colors         :  0
		num indices        :  324
	processing begun of mesh:  Astroid.070
		num positions      :  274
		num normals        :  274
		num uvs            :  548
		num uvs2           :  0
		num colors         :  0
		num indices        :  324
	processing begun of mesh:  Astroid.069
		num positions      :  274
		num normals        :  274
		num uvs            :  548
		num uvs2           :  0
		num colors         :  0
		num indices        :  324
	processing begun of mesh:  Astroid.068
		num positions      :  274
		num normals        :  274
		num uvs            :  548
		num uvs2           :  0
		num colors         :  0
		num indices        :  324
	processing begun of mesh:  Astroid.067
		num positions      :  274
		num normals        :  274
		num uvs            :  548
		num uvs2           :  0
		num colors         :  0
		num indices        :  324
	processing begun of mesh:  Astroid.066
		num positions      :  274
		num normals        :  274
		num uvs            :  548
		num uvs2           :  0
		num colors         :  0
		num indices        :  324
	processing begun of mesh:  Astroid.065
		num positions      :  274
		num normals        :  274
		num uvs            :  548
		num uvs2           :  0
		num colors         :  0
		num indices        :  324
	processing begun of mesh:  Astroid.064
		num positions      :  274
		num normals        :  274
		num uvs            :  548
		num uvs2           :  0
		num colors         :  0
		num indices        :  324
	processing begun of mesh:  Astroid.063
		num positions      :  274
		num normals        :  274
		num uvs            :  548
		num uvs2           :  0
		num colors         :  0
		num indices        :  324
	processing begun of mesh:  Astroid.062
		num positions      :  274
		num normals        :  274
		num uvs            :  548
		num uvs2           :  0
		num colors         :  0
		num indices        :  324
	processing begun of mesh:  Astroid.061
		num positions      :  274
		num normals        :  274
		num uvs            :  548
		num uvs2           :  0
		num colors         :  0
		num indices        :  324
	processing begun of mesh:  Astroid.060
		num positions      :  274
		num normals        :  274
		num uvs            :  548
		num uvs2           :  0
		num colors         :  0
		num indices        :  324
	processing begun of mesh:  Astroid.059
		num positions      :  274
		num normals        :  274
		num uvs            :  548
		num uvs2           :  0
		num colors         :  0
		num indices        :  324
	processing begun of mesh:  Astroid.058
		num positions      :  274
		num normals        :  274
		num uvs            :  548
		num uvs2           :  0
		num colors         :  0
		num indices        :  324
	processing begun of mesh:  Astroid.057
		num positions      :  274
		num normals        :  274
		num uvs            :  548
		num uvs2           :  0
		num colors         :  0
		num indices        :  324
	processing begun of mesh:  Astroid.056
		num positions      :  274
		num normals        :  274
		num uvs            :  548
		num uvs2           :  0
		num colors         :  0
		num indices        :  324
	processing begun of mesh:  Astroid.055
		num positions      :  274
		num normals        :  274
		num uvs            :  548
		num uvs2           :  0
		num colors         :  0
		num indices        :  324
	processing begun of mesh:  SpaceEnemy.020
		processing begun of multimaterial:  number1.Multimaterial#0
		num positions      :  304
		num normals        :  304
		num uvs            :  0
		num uvs2           :  0
		num colors         :  0
		num indices        :  732
	processing begun of mesh:  SpaceEnemy.019
		processing begun of multimaterial:  number1.Multimaterial#1
		num positions      :  304
		num normals        :  304
		num uvs            :  0
		num uvs2           :  0
		num colors         :  0
		num indices        :  732
	processing begun of mesh:  Astroid.054
		num positions      :  274
		num normals        :  274
		num uvs            :  548
		num uvs2           :  0
		num colors         :  0
		num indices        :  324
	processing begun of mesh:  Astroid.053
		num positions      :  274
		num normals        :  274
		num uvs            :  548
		num uvs2           :  0
		num colors         :  0
		num indices        :  324
	processing begun of mesh:  Astroid.052
		num positions      :  274
		num normals        :  274
		num uvs            :  548
		num uvs2           :  0
		num colors         :  0
		num indices        :  324
	processing begun of mesh:  Astroid.051
		num positions      :  274
		num normals        :  274
		num uvs            :  548
		num uvs2           :  0
		num colors         :  0
		num indices        :  324
	processing begun of mesh:  Astroid.050
		num positions      :  274
		num normals        :  274
		num uvs            :  548
		num uvs2           :  0
		num colors         :  0
		num indices        :  324
	processing begun of mesh:  SpaceEnemy.018
		processing begun of multimaterial:  number1.Multimaterial#2
		num positions      :  304
		num normals        :  304
		num uvs            :  0
		num uvs2           :  0
		num colors         :  0
		num indices        :  732
	processing begun of mesh:  SpaceEnemy.017
		processing begun of multimaterial:  number1.Multimaterial#3
		num positions      :  304
		num normals        :  304
		num uvs            :  0
		num uvs2           :  0
		num colors         :  0
		num indices        :  732
	processing begun of mesh:  SpaceEnemy.016
		processing begun of multimaterial:  number1.Multimaterial#4
		num positions      :  304
		num normals        :  304
		num uvs            :  0
		num uvs2           :  0
		num colors         :  0
		num indices        :  732
	processing begun of mesh:  Astroid.049
		num positions      :  274
		num normals        :  274
		num uvs            :  548
		num uvs2           :  0
		num colors         :  0
		num indices        :  324
	processing begun of mesh:  Astroid.048
		num positions      :  274
		num normals        :  274
		num uvs            :  548
		num uvs2           :  0
		num colors         :  0
		num indices        :  324
	processing begun of mesh:  Astroid.047
		num positions      :  274
		num normals        :  274
		num uvs            :  548
		num uvs2           :  0
		num colors         :  0
		num indices        :  324
	processing begun of mesh:  SpaceEnemy.015
		processing begun of multimaterial:  number1.Multimaterial#5
		num positions      :  304
		num normals        :  304
		num uvs            :  0
		num uvs2           :  0
		num colors         :  0
		num indices        :  732
	processing begun of mesh:  Astroid.046
		num positions      :  274
		num normals        :  274
		num uvs            :  548
		num uvs2           :  0
		num colors         :  0
		num indices        :  324
	processing begun of mesh:  Astroid.045
		num positions      :  274
		num normals        :  274
		num uvs            :  548
		num uvs2           :  0
		num colors         :  0
		num indices        :  324
	processing begun of mesh:  Astroid.044
		num positions      :  274
		num normals        :  274
		num uvs            :  548
		num uvs2           :  0
		num colors         :  0
		num indices        :  324
	processing begun of mesh:  Astroid.043
		num positions      :  274
		num normals        :  274
		num uvs            :  548
		num uvs2           :  0
		num colors         :  0
		num indices        :  324
	processing begun of mesh:  Astroid.042
		num positions      :  274
		num normals        :  274
		num uvs            :  548
		num uvs2           :  0
		num colors         :  0
		num indices        :  324
	processing begun of mesh:  Trigger.end
		WARNING:  No materials have been assigned: 
		num positions      :  8
		num normals        :  8
		num uvs            :  0
		num uvs2           :  0
		num colors         :  0
		num indices        :  36
	processing begun of mesh:  SpaceEnemy.014
		processing begun of multimaterial:  number1.Multimaterial#6
		num positions      :  304
		num normals        :  304
		num uvs            :  0
		num uvs2           :  0
		num colors         :  0
		num indices        :  732
	processing begun of mesh:  SpaceEnemy.013
		processing begun of multimaterial:  number1.Multimaterial#7
		num positions      :  304
		num normals        :  304
		num uvs            :  0
		num uvs2           :  0
		num colors         :  0
		num indices        :  732
	processing begun of mesh:  SpaceEnemy.012
		processing begun of multimaterial:  number1.Multimaterial#8
		num positions      :  304
		num normals        :  304
		num uvs            :  0
		num uvs2           :  0
		num colors         :  0
		num indices        :  732
	processing begun of mesh:  SpaceEnemy.011
		processing begun of multimaterial:  number1.Multimaterial#9
		num positions      :  304
		num normals        :  304
		num uvs            :  0
		num uvs2           :  0
		num colors         :  0
		num indices        :  732
	processing begun of mesh:  SpaceEnemy.010
		processing begun of multimaterial:  number1.Multimaterial#10
		num positions      :  304
		num normals        :  304
		num uvs            :  0
		num uvs2           :  0
		num colors         :  0
		num indices        :  732
	processing begun of mesh:  SpaceEnemy.009
		processing begun of multimaterial:  number1.Multimaterial#11
		num positions      :  304
		num normals        :  304
		num uvs            :  0
		num uvs2           :  0
		num colors         :  0
		num indices        :  732
	processing begun of mesh:  SpaceEnemy.008
		processing begun of multimaterial:  number1.Multimaterial#12
		num positions      :  304
		num normals        :  304
		num uvs            :  0
		num uvs2           :  0
		num colors         :  0
		num indices        :  732
	processing begun of mesh:  Astroid.041
		num positions      :  274
		num normals        :  274
		num uvs            :  548
		num uvs2           :  0
		num colors         :  0
		num indices        :  324
	processing begun of mesh:  Astroid.039
		num positions      :  274
		num normals        :  274
		num uvs            :  548
		num uvs2           :  0
		num colors         :  0
		num indices        :  324
	processing begun of mesh:  Astroid.038
		num positions      :  274
		num normals        :  274
		num uvs            :  548
		num uvs2           :  0
		num colors         :  0
		num indices        :  324
	processing begun of mesh:  Astroid.037
		num positions      :  274
		num normals        :  274
		num uvs            :  548
		num uvs2           :  0
		num colors         :  0
		num indices        :  324
	processing begun of mesh:  Astroid.036
		num positions      :  274
		num normals        :  274
		num uvs            :  548
		num uvs2           :  0
		num colors         :  0
		num indices        :  324
	processing begun of mesh:  Astroid.035
		num positions      :  274
		num normals        :  274
		num uvs            :  548
		num uvs2           :  0
		num colors         :  0
		num indices        :  324
	processing begun of mesh:  Astroid.034
		num positions      :  274
		num normals        :  274
		num uvs            :  548
		num uvs2           :  0
		num colors         :  0
		num indices        :  324
	processing begun of mesh:  Astroid.033
		num positions      :  274
		num normals        :  274
		num uvs            :  548
		num uvs2           :  0
		num colors         :  0
		num indices        :  324
	processing begun of mesh:  Astroid.032
		num positions      :  274
		num normals        :  274
		num uvs            :  548
		num uvs2           :  0
		num colors         :  0
		num indices        :  324
	processing begun of mesh:  Astroid.031
		num positions      :  274
		num normals        :  274
		num uvs            :  548
		num uvs2           :  0
		num colors         :  0
		num indices        :  324
	processing begun of mesh:  Astroid.030
		num positions      :  274
		num normals        :  274
		num uvs            :  548
		num uvs2           :  0
		num colors         :  0
		num indices        :  324
	processing begun of mesh:  Astroid.029
		num positions      :  274
		num normals        :  274
		num uvs            :  548
		num uvs2           :  0
		num colors         :  0
		num indices        :  324
	processing begun of mesh:  Astroid.028
		num positions      :  274
		num normals        :  274
		num uvs            :  548
		num uvs2           :  0
		num colors         :  0
		num indices        :  324
	processing begun of mesh:  Astroid.027
		num positions      :  274
		num normals        :  274
		num uvs            :  548
		num uvs2           :  0
		num colors         :  0
		num indices        :  324
	processing begun of mesh:  Astroid.026
		num positions      :  274
		num normals        :  274
		num uvs            :  548
		num uvs2           :  0
		num colors         :  0
		num indices        :  324
	processing begun of mesh:  Astroid.025
		num positions      :  274
		num normals        :  274
		num uvs            :  548
		num uvs2           :  0
		num colors         :  0
		num indices        :  324
	processing begun of mesh:  Astroid.024
		num positions      :  274
		num normals        :  274
		num uvs            :  548
		num uvs2           :  0
		num colors         :  0
		num indices        :  324
	processing begun of mesh:  Astroid.023
		num positions      :  274
		num normals        :  274
		num uvs            :  548
		num uvs2           :  0
		num colors         :  0
		num indices        :  324
	processing begun of mesh:  Astroid.022
		num positions      :  274
		num normals        :  274
		num uvs            :  548
		num uvs2           :  0
		num colors         :  0
		num indices        :  324
	processing begun of mesh:  Astroid.021
		num positions      :  274
		num normals        :  274
		num uvs            :  548
		num uvs2           :  0
		num colors         :  0
		num indices        :  324
	processing begun of mesh:  Astroid.020
		num positions      :  274
		num normals        :  274
		num uvs            :  548
		num uvs2           :  0
		num colors         :  0
		num indices        :  324
	processing begun of mesh:  Astroid.019
		num positions      :  274
		num normals        :  274
		num uvs            :  548
		num uvs2           :  0
		num colors         :  0
		num indices        :  324
	processing begun of mesh:  Astroid.018
		num positions      :  274
		num normals        :  274
		num uvs            :  548
		num uvs2           :  0
		num colors         :  0
		num indices        :  324
	processing begun of mesh:  Astroid.017
		num positions      :  274
		num normals        :  274
		num uvs            :  548
		num uvs2           :  0
		num colors         :  0
		num indices        :  324
	processing begun of mesh:  Astroid.016
		num positions      :  274
		num normals        :  274
		num uvs            :  548
		num uvs2           :  0
		num colors         :  0
		num indices        :  324
	processing begun of mesh:  Astroid.015
		num positions      :  274
		num normals        :  274
		num uvs            :  548
		num uvs2           :  0
		num colors         :  0
		num indices        :  324
	processing begun of mesh:  Astroid.014
		num positions      :  274
		num normals        :  274
		num uvs            :  548
		num uvs2           :  0
		num colors         :  0
		num indices        :  324
	processing begun of mesh:  Astroid.013
		num positions      :  274
		num normals        :  274
		num uvs            :  548
		num uvs2           :  0
		num colors         :  0
		num indices        :  324
	processing begun of mesh:  Astroid.012
		num positions      :  274
		num normals        :  274
		num uvs            :  548
		num uvs2           :  0
		num colors         :  0
		num indices        :  324
	processing begun of mesh:  Astroid.011
		num positions      :  274
		num normals        :  274
		num uvs            :  548
		num uvs2           :  0
		num colors         :  0
		num indices        :  324
	processing begun of mesh:  Astroid.010
		num positions      :  274
		num normals        :  274
		num uvs            :  548
		num uvs2           :  0
		num colors         :  0
		num indices        :  324
	processing begun of mesh:  Astroid.009
		num positions      :  274
		num normals        :  274
		num uvs            :  548
		num uvs2           :  0
		num colors         :  0
		num indices        :  324
	processing begun of mesh:  Astroid.008
		num positions      :  274
		num normals        :  274
		num uvs            :  548
		num uvs2           :  0
		num colors         :  0
		num indices        :  324
	processing begun of mesh:  Astroid.007
		num positions      :  274
		num normals        :  274
		num uvs            :  548
		num uvs2           :  0
		num colors         :  0
		num indices        :  324
	processing begun of mesh:  SpaceEnemy.007
		processing begun of multimaterial:  number1.Multimaterial#13
		num positions      :  304
		num normals        :  304
		num uvs            :  0
		num uvs2           :  0
		num colors         :  0
		num indices        :  732
	processing begun of mesh:  SpaceEnemy.006
		processing begun of multimaterial:  number1.Multimaterial#14
		num positions      :  304
		num normals        :  304
		num uvs            :  0
		num uvs2           :  0
		num colors         :  0
		num indices        :  732
	processing begun of mesh:  Astroid.006
		num positions      :  274
		num normals        :  274
		num uvs            :  548
		num uvs2           :  0
		num colors         :  0
		num indices        :  324
	processing begun of mesh:  SpaceEnemy.005
		processing begun of multimaterial:  number1.Multimaterial#15
		num positions      :  304
		num normals        :  304
		num uvs            :  0
		num uvs2           :  0
		num colors         :  0
		num indices        :  732
	processing begun of mesh:  SpaceEnemy.004
		processing begun of multimaterial:  number1.Multimaterial#16
		num positions      :  304
		num normals        :  304
		num uvs            :  0
		num uvs2           :  0
		num colors         :  0
		num indices        :  732
	processing begun of mesh:  Astroid.005
		num positions      :  274
		num normals        :  274
		num uvs            :  548
		num uvs2           :  0
		num colors         :  0
		num indices        :  324
	processing begun of mesh:  Astroid.004
		num positions      :  274
		num normals        :  274
		num uvs            :  548
		num uvs2           :  0
		num colors         :  0
		num indices        :  324
	processing begun of mesh:  Astroid.003
		num positions      :  274
		num normals        :  274
		num uvs            :  548
		num uvs2           :  0
		num colors         :  0
		num indices        :  324
	processing begun of mesh:  Astroid.002
		num positions      :  274
		num normals        :  274
		num uvs            :  548
		num uvs2           :  0
		num colors         :  0
		num indices        :  324
	processing begun of mesh:  SpaceEnemy.002
		processing begun of multimaterial:  number1.Multimaterial#17
		num positions      :  304
		num normals        :  304
		num uvs            :  0
		num uvs2           :  0
		num colors         :  0
		num indices        :  732
	processing begun of mesh:  right boundry
		WARNING:  No materials have been assigned: 
		num positions      :  8
		num normals        :  8
		num uvs            :  0
		num uvs2           :  0
		num colors         :  0
		num indices        :  36
	processing begun of mesh:  left boundry
		WARNING:  No materials have been assigned: 
		num positions      :  8
		num normals        :  8
		num uvs            :  0
		num uvs2           :  0
		num colors         :  0
		num indices        :  36
	processing begun of mesh:  Plane
		num positions      :  4
		num normals        :  4
		num uvs            :  0
		num uvs2           :  0
		num colors         :  0
		num indices        :  6
	processing begun of mesh:  HoverDude
		processing begun of multimaterial:  number1.Multimaterial#18
		num positions      :  414
		num normals        :  414
		num uvs            :  828
		num uvs2           :  0
		num colors         :  0
		num indices        :  1626
	processing begun of mesh:  Astroid
		num positions      :  274
		num normals        :  274
		num uvs            :  548
		num uvs2           :  0
		num colors         :  0
		num indices        :  324
	processing begun of mesh:  SpaceEnemy
		processing begun of multimaterial:  number1.Multimaterial#19
		num positions      :  304
		num normals        :  304
		num uvs            :  0
		num uvs2           :  0
		num colors         :  0
		num indices        :  732
	processing begun of mesh:  SpaceEnemy.001
		processing begun of multimaterial:  number1.Multimaterial#20
		num positions      :  304
		num normals        :  304
		num uvs            :  0
		num uvs2           :  0
		num colors         :  0
		num indices        :  732
	processing begun of mesh:  Astroid.001
		num positions      :  274
		num normals        :  274
		num uvs            :  548
		num uvs2           :  0
		num colors         :  0
		num indices        :  324
	processing begun of light (HEMI):  Hemi.002
	processing begun of light (HEMI):  Hemi.001
========= Writing of scene file started =========
========= Writing of scene file completed =========
========= end of processing =========
